<?xml version="1.0" encoding="UTF-8"?>
<!-- Generated by org.testng.reporters.JUnitReportReporter -->
<testsuite skipped="0" hostname="DESKTOP-PLHC3JT" name="com.amazon.qa.testpages.TestLogIn" tests="1" failures="0" timestamp="19 Jul 2019 04:25:45 GMT" time="5.544" errors="0">
  <testcase name="RunLoginTest" time="5.544" classname="com.amazon.qa.testpages.TestLogIn"/>
</testsuite> <!-- com.amazon.qa.testpages.TestLogIn -->
