<?xml version="1.0" encoding="UTF-8"?>
<!-- Generated by org.testng.reporters.JUnitReportReporter -->
<testsuite skipped="0" hostname="DESKTOP-PLHC3JT" name="com.amazon.qa.pages.ConditionsOfUse" tests="1" failures="0" timestamp="19 Jul 2019 05:09:26 GMT" time="2.400" errors="0">
  <testcase name="Conditions" time="2.400" classname="com.amazon.qa.pages.ConditionsOfUse"/>
</testsuite> <!-- com.amazon.qa.pages.ConditionsOfUse -->
