<?xml version="1.0" encoding="UTF-8"?>
<!-- Generated by org.testng.reporters.JUnitReportReporter -->
<testsuite skipped="0" hostname="DESKTOP-PLHC3JT" name="com.amazon.qa.pages.LogIn" tests="1" failures="0" timestamp="19 Jul 2019 04:58:09 GMT" time="2.880" errors="0">
  <testcase name="LoginTest" time="2.880" classname="com.amazon.qa.pages.LogIn"/>
</testsuite> <!-- com.amazon.qa.pages.LogIn -->
