<?xml version="1.0" encoding="UTF-8"?>
<!-- Generated by org.testng.reporters.JUnitReportReporter -->
<testsuite skipped="0" hostname="DESKTOP-PLHC3JT" name="com.amazon.qa.testpages.TestConidionsOfUse" tests="1" failures="0" timestamp="19 Jul 2019 04:34:36 GMT" time="2.216" errors="0">
  <testcase name="TestConditions" time="2.216" classname="com.amazon.qa.testpages.TestConidionsOfUse"/>
</testsuite> <!-- com.amazon.qa.testpages.TestConidionsOfUse -->
